# JRE version: OpenJDK Runtime Environment (11.0.6+8) (build 11.0.6+8-b520.43)
# Java VM: OpenJDK 64-Bit Server VM (11.0.6+8-b520.43, mixed mode, sharing, tiered, compressed oops, g1 gc, windows-amd64)
Heap:
 garbage-first heap   total 152576K, used 74342K [0x0000000084200000, 0x0000000100000000)
  region size 1024K, 60 young (61440K), 10 survivors (10240K)
 Metaspace       used 57011K, capacity 58412K, committed 58576K, reserved 1099776K
  class space    used 7498K, capacity 8061K, committed 8064K, reserved 1048576K
GC Heap History (16 events):
Event: 0.990 GC heap before
{Heap before GC invocations=0 (full 0):
 garbage-first heap   total 126976K, used 25600K [0x0000000084200000, 0x0000000100000000)
  region size 1024K, 24 young (24576K), 0 survivors (0K)
 Metaspace       used 4241K, capacity 6809K, committed 6912K, reserved 1056768K
  class space    used 466K, capacity 722K, committed 768K, reserved 1048576K
}
Event: 1.000 GC heap after
{Heap after GC invocations=1 (full 0):
 garbage-first heap   total 126976K, used 6795K [0x0000000084200000, 0x0000000100000000)
  region size 1024K, 3 young (3072K), 3 survivors (3072K)
 Metaspace       used 4241K, capacity 6809K, committed 6912K, reserved 1056768K
  class space    used 466K, capacity 722K, committed 768K, reserved 1048576K
}
Event: 2.586 GC heap before
{Heap before GC invocations=1 (full 0):
 garbage-first heap   total 126976K, used 79499K [0x0000000084200000, 0x0000000100000000)
  region size 1024K, 74 young (75776K), 3 survivors (3072K)
 Metaspace       used 16053K, capacity 16596K, committed 16768K, reserved 1062912K
  class space    used 2162K, capacity 2384K, committed 2432K, reserved 1048576K
}
Event: 2.598 GC heap after
{Heap after GC invocations=2 (full 0):
 garbage-first heap   total 126976K, used 9993K [0x0000000084200000, 0x0000000100000000)
  region size 1024K, 7 young (7168K), 7 survivors (7168K)
 Metaspace       used 16053K, capacity 16596K, committed 16768K, reserved 1062912K
  class space    used 2162K, capacity 2384K, committed 2432K, reserved 1048576K
}
Event: 3.061 GC heap before
{Heap before GC invocations=2 (full 0):
 garbage-first heap   total 126976K, used 77577K [0x0000000084200000, 0x0000000100000000)
  region size 1024K, 74 young (75776K), 7 survivors (7168K)
 Metaspace       used 20078K, capacity 20707K, committed 20864K, reserved 1067008K
  class space    used 2582K, capacity 2856K, committed 2944K, reserved 1048576K
}
Event: 3.072 GC heap after
{Heap after GC invocations=3 (full 0):
 garbage-first heap   total 126976K, used 11024K [0x0000000084200000, 0x0000000100000000)
  region size 1024K, 5 young (5120K), 5 survivors (5120K)
 Metaspace       used 20078K, capacity 20707K, committed 20864K, reserved 1067008K
  class space    used 2582K, capacity 2856K, committed 2944K, reserved 1048576K
}
Event: 3.159 GC heap before
{Heap before GC invocations=3 (full 0):
 garbage-first heap   total 126976K, used 16144K [0x0000000084200000, 0x0000000100000000)
  region size 1024K, 11 young (11264K), 5 survivors (5120K)
 Metaspace       used 20523K, capacity 21167K, committed 21296K, reserved 1067008K
  class space    used 2651K, capacity 2924K, committed 2944K, reserved 1048576K
}
Event: 3.167 GC heap after
{Heap after GC invocations=4 (full 0):
 garbage-first heap   total 126976K, used 11513K [0x0000000084200000, 0x0000000100000000)
  region size 1024K, 5 young (5120K), 5 survivors (5120K)
 Metaspace       used 20523K, capacity 21167K, committed 21296K, reserved 1067008K
  class space    used 2651K, capacity 2924K, committed 2944K, reserved 1048576K
}
Event: 6.485 GC heap before
{Heap before GC invocations=5 (full 0):
 garbage-first heap   total 126976K, used 82169K [0x0000000084200000, 0x0000000100000000)
  region size 1024K, 74 young (75776K), 5 survivors (5120K)
 Metaspace       used 28968K, capacity 29903K, committed 30000K, reserved 1075200K
  class space    used 3770K, capacity 4142K, committed 4224K, reserved 1048576K
}
Event: 6.497 GC heap after
{Heap after GC invocations=6 (full 0):
 garbage-first heap   total 152576K, used 14628K [0x0000000084200000, 0x0000000100000000)
  region size 1024K, 8 young (8192K), 8 survivors (8192K)
 Metaspace       used 28968K, capacity 29903K, committed 30000K, reserved 1075200K
  class space    used 3770K, capacity 4142K, committed 4224K, reserved 1048576K
}
Event: 7.695 GC heap before
{Heap before GC invocations=6 (full 0):
 garbage-first heap   total 152576K, used 95524K [0x0000000084200000, 0x0000000100000000)
  region size 1024K, 88 young (90112K), 8 survivors (8192K)
 Metaspace       used 34269K, capacity 35333K, committed 35632K, reserved 1079296K
  class space    used 4488K, capacity 4947K, committed 4992K, reserved 1048576K
}
Event: 7.744 GC heap after
{Heap after GC invocations=7 (full 0):
 garbage-first heap   total 152576K, used 16582K [0x0000000084200000, 0x0000000100000000)
  region size 1024K, 7 young (7168K), 7 survivors (7168K)
 Metaspace       used 34269K, capacity 35333K, committed 35632K, reserved 1079296K
  class space    used 4488K, capacity 4947K, committed 4992K, reserved 1048576K
}
Event: 7.840 GC heap before
{Heap before GC invocations=7 (full 0):
 garbage-first heap   total 152576K, used 19654K [0x0000000084200000, 0x0000000100000000)
  region size 1024K, 11 young (11264K), 7 survivors (7168K)
 Metaspace       used 34747K, capacity 35778K, committed 35920K, reserved 1081344K
  class space    used 4569K, capacity 5030K, committed 5120K, reserved 1048576K
}
Event: 7.847 GC heap after
{Heap after GC invocations=8 (full 0):
 garbage-first heap   total 152576K, used 16932K [0x0000000084200000, 0x0000000100000000)
  region size 1024K, 7 young (7168K), 7 survivors (7168K)
 Metaspace       used 34747K, capacity 35778K, committed 35920K, reserved 1081344K
  class space    used 4569K, capacity 5030K, committed 5120K, reserved 1048576K
}
Event: 10.296 GC heap before
{Heap before GC invocations=9 (full 0):
 garbage-first heap   total 152576K, used 88612K [0x0000000084200000, 0x0000000100000000)
  region size 1024K, 78 young (79872K), 7 survivors (7168K)
 Metaspace       used 49793K, capacity 51064K, committed 51280K, reserved 1093632K
  class space    used 6602K, capacity 7100K, committed 7168K, reserved 1048576K
}
Event: 10.310 GC heap after
{Heap after GC invocations=10 (full 0):
 garbage-first heap   total 152576K, used 24166K [0x0000000084200000, 0x0000000100000000)
  region size 1024K, 10 young (10240K), 10 survivors (10240K)
 Metaspace       used 49793K, capacity 51064K, committed 51280K, reserved 1093632K
  class space    used 6602K, capacity 7100K, committed 7168K, reserved 1048576K
}

